# JRE version: Java(TM) SE Runtime Environment (21.0.10+8) (build 21.0.10+8-LTS-217)
# Java VM: Java HotSpot(TM) 64-Bit Server VM (21.0.10+8-LTS-217, mixed mode, emulated-client, sharing, tiered, compressed oops, compressed class ptrs, g1 gc, windows-amd64)
GC Precious Log:
 CardTable entry size: 512
 Card Set container configuration: InlinePtr #cards 4 size 8 Array Of Cards #cards 32 size 80 Howl #buckets 8 coarsen threshold 7372 Howl Bitmap #cards 1024 size 144 coarsen threshold 921 Card regions per heap region 1 cards per card region 8192
 CPUs: 16 total, 16 available
 Memory: 28458M
 Large Page Support: Disabled
 NUMA Support: Disabled
 Compressed Oops: Enabled (Zero based)
 Heap Region Size: 4M
 Heap Min Capacity: 8M
 Heap Initial Capacity: 448M
 Heap Max Capacity: 7116M
 Pre-touch: Disabled
 Parallel Workers: 13
 Concurrent Workers: 3
 Concurrent Refinement Workers: 13
 Periodic GC: Disabled
Heap:
 garbage-first heap   total 151552K, used 89994K [0x0000000643400000, 0x0000000800000000)
  region size 4096K, 13 young (53248K), 3 survivors (12288K)
 Metaspace       used 90313K, committed 91392K, reserved 1179648K
  class space    used 12541K, committed 13056K, reserved 1048576K
GC Heap History (20 events):
Event: 2.648 GC heap before
{Heap before GC invocations=9 (full 0):
 garbage-first heap   total 69632K, used 48936K [0x0000000643400000, 0x0000000800000000)
  region size 4096K, 10 young (40960K), 2 survivors (8192K)
 Metaspace       used 30681K, committed 31168K, reserved 1114112K
  class space    used 3734K, committed 3968K, reserved 1048576K
}
Event: 2.652 GC heap after
{Heap after GC invocations=10 (full 0):
 garbage-first heap   total 69632K, used 18808K [0x0000000643400000, 0x0000000800000000)
  region size 4096K, 2 young (8192K), 2 survivors (8192K)
 Metaspace       used 30681K, committed 31168K, reserved 1114112K
  class space    used 3734K, committed 3968K, reserved 1048576K
}
Event: 2.827 GC heap before
{Heap before GC invocations=10 (full 0):
 garbage-first heap   total 69632K, used 51576K [0x0000000643400000, 0x0000000800000000)
  region size 4096K, 10 young (40960K), 2 survivors (8192K)
 Metaspace       used 32306K, committed 32768K, reserved 1114112K
  class space    used 3966K, committed 4160K, reserved 1048576K
}
Event: 2.830 GC heap after
{Heap after GC invocations=11 (full 0):
 garbage-first heap   total 266240K, used 20317K [0x0000000643400000, 0x0000000800000000)
  region size 4096K, 2 young (8192K), 2 survivors (8192K)
 Metaspace       used 32306K, committed 32768K, reserved 1114112K
  class space    used 3966K, committed 4160K, reserved 1048576K
}
Event: 3.290 GC heap before
{Heap before GC invocations=11 (full 0):
 garbage-first heap   total 266240K, used 81757K [0x0000000643400000, 0x0000000800000000)
  region size 4096K, 18 young (73728K), 2 survivors (8192K)
 Metaspace       used 37869K, committed 38400K, reserved 1114112K
  class space    used 4811K, committed 5056K, reserved 1048576K
}
Event: 3.294 GC heap after
{Heap after GC invocations=12 (full 0):
 garbage-first heap   total 266240K, used 24486K [0x0000000643400000, 0x0000000800000000)
  region size 4096K, 3 young (12288K), 3 survivors (12288K)
 Metaspace       used 37869K, committed 38400K, reserved 1114112K
  class space    used 4811K, committed 5056K, reserved 1048576K
}
Event: 3.740 GC heap before
{Heap before GC invocations=13 (full 0):
 garbage-first heap   total 110592K, used 102310K [0x0000000643400000, 0x0000000800000000)
  region size 4096K, 23 young (94208K), 3 survivors (12288K)
 Metaspace       used 45560K, committed 46144K, reserved 1114112K
  class space    used 5875K, committed 6144K, reserved 1048576K
}
Event: 3.745 GC heap after
{Heap after GC invocations=14 (full 0):
 garbage-first heap   total 126976K, used 31481K [0x0000000643400000, 0x0000000800000000)
  region size 4096K, 4 young (16384K), 4 survivors (16384K)
 Metaspace       used 45560K, committed 46144K, reserved 1114112K
  class space    used 5875K, committed 6144K, reserved 1048576K
}
Event: 4.092 GC heap before
{Heap before GC invocations=14 (full 0):
 garbage-first heap   total 126976K, used 88825K [0x0000000643400000, 0x0000000800000000)
  region size 4096K, 18 young (73728K), 4 survivors (16384K)
 Metaspace       used 51587K, committed 52288K, reserved 1114112K
  class space    used 6754K, committed 7040K, reserved 1048576K
}
Event: 4.097 GC heap after
{Heap after GC invocations=15 (full 0):
 garbage-first heap   total 126976K, used 32782K [0x0000000643400000, 0x0000000800000000)
  region size 4096K, 3 young (12288K), 3 survivors (12288K)
 Metaspace       used 51587K, committed 52288K, reserved 1114112K
  class space    used 6754K, committed 7040K, reserved 1048576K
}
Event: 4.531 GC heap before
{Heap before GC invocations=15 (full 0):
 garbage-first heap   total 126976K, used 81934K [0x0000000643400000, 0x0000000800000000)
  region size 4096K, 16 young (65536K), 3 survivors (12288K)
 Metaspace       used 63668K, committed 64320K, reserved 1114112K
  class space    used 8361K, committed 8640K, reserved 1048576K
}
Event: 4.534 GC heap after
{Heap after GC invocations=16 (full 0):
 garbage-first heap   total 155648K, used 35987K [0x0000000643400000, 0x0000000800000000)
  region size 4096K, 2 young (8192K), 2 survivors (8192K)
 Metaspace       used 63668K, committed 64320K, reserved 1114112K
  class space    used 8361K, committed 8640K, reserved 1048576K
}
Event: 5.136 GC heap before
{Heap before GC invocations=17 (full 0):
 garbage-first heap   total 151552K, used 117907K [0x0000000643400000, 0x0000000800000000)
  region size 4096K, 22 young (90112K), 2 survivors (8192K)
 Metaspace       used 75050K, committed 75776K, reserved 1114112K
  class space    used 10110K, committed 10432K, reserved 1048576K
}
Event: 5.140 GC heap after
{Heap after GC invocations=18 (full 0):
 garbage-first heap   total 151552K, used 39779K [0x0000000643400000, 0x0000000800000000)
  region size 4096K, 3 young (12288K), 3 survivors (12288K)
 Metaspace       used 75050K, committed 75776K, reserved 1114112K
  class space    used 10110K, committed 10432K, reserved 1048576K
}
Event: 5.605 GC heap before
{Heap before GC invocations=18 (full 0):
 garbage-first heap   total 151552K, used 117603K [0x0000000643400000, 0x0000000800000000)
  region size 4096K, 22 young (90112K), 3 survivors (12288K)
 Metaspace       used 79440K, committed 80192K, reserved 1179648K
  class space    used 10793K, committed 11136K, reserved 1048576K
}
Event: 5.609 GC heap after
{Heap after GC invocations=19 (full 0):
 garbage-first heap   total 151552K, used 44274K [0x0000000643400000, 0x0000000800000000)
  region size 4096K, 3 young (12288K), 3 survivors (12288K)
 Metaspace       used 79440K, committed 80192K, reserved 1179648K
  class space    used 10793K, committed 11136K, reserved 1048576K
}
Event: 6.060 GC heap before
{Heap before GC invocations=19 (full 0):
 garbage-first heap   total 151552K, used 122098K [0x0000000643400000, 0x0000000800000000)
  region size 4096K, 22 young (90112K), 3 survivors (12288K)
 Metaspace       used 82518K, committed 83392K, reserved 1179648K
  class space    used 11319K, committed 11712K, reserved 1048576K
}
Event: 6.064 GC heap after
{Heap after GC invocations=20 (full 0):
 garbage-first heap   total 151552K, used 49176K [0x0000000643400000, 0x0000000800000000)
  region size 4096K, 3 young (12288K), 3 survivors (12288K)
 Metaspace       used 82518K, committed 83392K, reserved 1179648K
  class space    used 11319K, committed 11712K, reserved 1048576K
}
Event: 6.405 GC heap before
{Heap before GC invocations=20 (full 0):
 garbage-first heap   total 151552K, used 102424K [0x0000000643400000, 0x0000000800000000)
  region size 4096K, 17 young (69632K), 3 survivors (12288K)
 Metaspace       used 86796K, committed 87680K, reserved 1179648K
  class space    used 11968K, committed 12352K, reserved 1048576K
}
Event: 6.409 GC heap after
{Heap after GC invocations=21 (full 0):
 garbage-first heap   total 151552K, used 53130K [0x0000000643400000, 0x0000000800000000)
  region size 4096K, 3 young (12288K), 3 survivors (12288K)
 Metaspace       used 86796K, committed 87680K, reserved 1179648K
  class space    used 11968K, committed 12352K, reserved 1048576K
}

